<?xml version="1.0" encoding="UTF-8"?>
<testsuite name="NodeTest" tests="1" skipped="0" failures="0" errors="0" timestamp="2022-11-07T19:59:57" hostname="MSI" time="0.065">
  <properties/>
  <testcase name="stringRepresentationShouldBeCorrect()" classname="NodeTest" time="0.065"/>
  <system-out><![CDATA[]]></system-out>
  <system-err><![CDATA[]]></system-err>
</testsuite>
